<?xml version="1.0" encoding="UTF-8"?>
<testsuite name="com.mycompany.mongomariadb1.MongomariadbTest" time="2.255" tests="4" errors="0" skipped="0" failures="2">
  <properties>
    <property name="java.runtime.name" value="Java(TM) SE Runtime Environment"/>
    <property name="sun.boot.library.path" value="/usr/lib/jvm/java-8-oracle/jre/lib/amd64"/>
    <property name="java.vm.version" value="25.51-b03"/>
    <property name="java.vm.vendor" value="Oracle Corporation"/>
    <property name="java.vendor.url" value="http://java.oracle.com/"/>
    <property name="path.separator" value=":"/>
    <property name="guice.disable.misplaced.annotation.check" value="true"/>
    <property name="java.vm.name" value="Java HotSpot(TM) 64-Bit Server VM"/>
    <property name="file.encoding.pkg" value="sun.io"/>
    <property name="user.country" value="CA"/>
    <property name="sun.java.launcher" value="SUN_STANDARD"/>
    <property name="sun.os.patch.level" value="unknown"/>
    <property name="java.vm.specification.name" value="Java Virtual Machine Specification"/>
    <property name="user.dir" value="/home/frank/NetBeansProjects/mongoMariaDb1"/>
    <property name="java.runtime.version" value="1.8.0_51-b16"/>
    <property name="java.awt.graphicsenv" value="sun.awt.X11GraphicsEnvironment"/>
    <property name="java.endorsed.dirs" value="/usr/lib/jvm/java-8-oracle/jre/lib/endorsed"/>
    <property name="os.arch" value="amd64"/>
    <property name="java.io.tmpdir" value="/tmp"/>
    <property name="line.separator" value="&#10;"/>
    <property name="java.vm.specification.vendor" value="Oracle Corporation"/>
    <property name="os.name" value="Linux"/>
    <property name="classworlds.conf" value="/usr/share/maven/bin/m2.conf"/>
    <property name="sun.jnu.encoding" value="UTF-8"/>
    <property name="java.library.path" value="/usr/java/packages/lib/amd64:/usr/lib64:/lib64:/lib:/usr/lib"/>
    <property name="java.specification.name" value="Java Platform API Specification"/>
    <property name="java.class.version" value="52.0"/>
    <property name="sun.management.compiler" value="HotSpot 64-Bit Tiered Compilers"/>
    <property name="os.version" value="3.16.0-45-generic"/>
    <property name="user.home" value="/home/frank"/>
    <property name="user.timezone" value="America/Vancouver"/>
    <property name="java.awt.printerjob" value="sun.print.PSPrinterJob"/>
    <property name="file.encoding" value="UTF-8"/>
    <property name="java.specification.version" value="1.8"/>
    <property name="user.name" value="frank"/>
    <property name="java.class.path" value="/usr/share/maven/boot/plexus-classworlds-2.x.jar"/>
    <property name="java.vm.specification.version" value="1.8"/>
    <property name="sun.arch.data.model" value="64"/>
    <property name="java.home" value="/usr/lib/jvm/java-8-oracle/jre"/>
    <property name="sun.java.command" value="org.codehaus.plexus.classworlds.launcher.Launcher test"/>
    <property name="java.specification.vendor" value="Oracle Corporation"/>
    <property name="user.language" value="en"/>
    <property name="awt.toolkit" value="sun.awt.X11.XToolkit"/>
    <property name="java.vm.info" value="mixed mode"/>
    <property name="java.version" value="1.8.0_51"/>
    <property name="java.ext.dirs" value="/usr/lib/jvm/java-8-oracle/jre/lib/ext:/usr/java/packages/lib/ext"/>
    <property name="securerandom.source" value="file:/dev/./urandom"/>
    <property name="sun.boot.class.path" value="/usr/lib/jvm/java-8-oracle/jre/lib/resources.jar:/usr/lib/jvm/java-8-oracle/jre/lib/rt.jar:/usr/lib/jvm/java-8-oracle/jre/lib/sunrsasign.jar:/usr/lib/jvm/java-8-oracle/jre/lib/jsse.jar:/usr/lib/jvm/java-8-oracle/jre/lib/jce.jar:/usr/lib/jvm/java-8-oracle/jre/lib/charsets.jar:/usr/lib/jvm/java-8-oracle/jre/lib/jfr.jar:/usr/lib/jvm/java-8-oracle/jre/classes"/>
    <property name="java.vendor" value="Oracle Corporation"/>
    <property name="maven.home" value="/usr/share/maven"/>
    <property name="file.separator" value="/"/>
    <property name="java.vendor.url.bug" value="http://bugreport.sun.com/bugreport/"/>
    <property name="sun.cpu.endian" value="little"/>
    <property name="sun.io.unicode.encoding" value="UnicodeLittle"/>
    <property name="sun.desktop" value="gnome"/>
    <property name="sun.cpu.isalist" value=""/>
  </properties>
  <testcase name="testAppSaying" classname="com.mycompany.mongomariadb1.MongomariadbTest" time="1.184"/>
  <testcase name="testAppSaying2" classname="com.mycompany.mongomariadb1.MongomariadbTest" time="0.122"/>
  <testcase name="testMysqlJDBC" classname="com.mycompany.mongomariadb1.MongomariadbTest" time="0.811">
    <failure message="&#10; Database: test&#10;Collection: col3&#10;Query: SELECT * from col3&#10; expected:&lt;blue[]&gt; but was:&lt;blue[1]&gt;" type="org.junit.ComparisonFailure"><![CDATA[org.junit.ComparisonFailure: 
 Database: test
Collection: col3
Query: SELECT * from col3
 expected:<blue[]> but was:<blue[1]>
	at org.junit.Assert.assertEquals(Assert.java:125)
	at com.mycompany.mongomariadb1.MongomariadbTest.testMysqlJDBC(MongomariadbTest.java:148)
]]></failure>
    <system-out><![CDATA[Collection created successfully
Connecting to database...
Creating statement...
com.mysql.jdbc.JDBC4ResultSet
ID: 1, a: 1,b: redID: 2, a: 2,b: green]]></system-out>
    <system-err><![CDATA[Aug 08, 2015 3:02:37 PM com.mongodb.diagnostics.logging.JULLogger log
INFO: Cluster created with settings {hosts=[localhost:27017], mode=SINGLE, requiredClusterType=UNKNOWN, serverSelectionTimeout='30000 ms', maxWaitQueueSize=500}
Aug 08, 2015 3:02:37 PM com.mongodb.diagnostics.logging.JULLogger log
INFO: No server chosen by PrimaryServerSelector from cluster description ClusterDescription{type=UNKNOWN, connectionMode=SINGLE, all=[ServerDescription{address=localhost:27017, type=UNKNOWN, state=CONNECTING}]}. Waiting for 30000 ms before timing out
Aug 08, 2015 3:02:37 PM com.mongodb.diagnostics.logging.JULLogger log
INFO: Opened connection [connectionId{localValue:5, serverValue:29}] to localhost:27017
Aug 08, 2015 3:02:37 PM com.mongodb.diagnostics.logging.JULLogger log
INFO: Monitor thread successfully connected to server with description ServerDescription{address=localhost:27017, type=STANDALONE, state=CONNECTED, ok=true, version=ServerVersion{versionList=[3, 0, 5]}, minWireVersion=0, maxWireVersion=3, electionId=null, maxDocumentSize=16777216, roundTripTimeNanos=3244600}
Aug 08, 2015 3:02:37 PM com.mongodb.diagnostics.logging.JULLogger log
INFO: Opened connection [connectionId{localValue:6, serverValue:30}] to localhost:27017
]]></system-err>
  </testcase>
  <testcase name="testMariaDbDriver" classname="com.mycompany.mongomariadb1.MongomariadbTest" time="0.138">
    <failure message="&#10; Database: test&#10;Collection: col3&#10;Query: SELECT * from col3&#10; expected:&lt;blue[]&gt; but was:&lt;blue[1]&gt;" type="org.junit.ComparisonFailure"><![CDATA[org.junit.ComparisonFailure: 
 Database: test
Collection: col3
Query: SELECT * from col3
 expected:<blue[]> but was:<blue[1]>
	at org.junit.Assert.assertEquals(Assert.java:125)
	at com.mycompany.mongomariadb1.MongomariadbTest.testMariaDbDriver(MongomariadbTest.java:208)
]]></failure>
    <system-out><![CDATA[Collection created successfully
Connecting to database...
Creating statement...
com.mysql.jdbc.JDBC4ResultSet
ID: 1, a: 1,b: redID: 2, a: 2,b: green]]></system-out>
    <system-err><![CDATA[Aug 08, 2015 3:02:38 PM com.mongodb.diagnostics.logging.JULLogger log
INFO: Cluster created with settings {hosts=[localhost:27017], mode=SINGLE, requiredClusterType=UNKNOWN, serverSelectionTimeout='30000 ms', maxWaitQueueSize=500}
Aug 08, 2015 3:02:38 PM com.mongodb.diagnostics.logging.JULLogger log
INFO: No server chosen by PrimaryServerSelector from cluster description ClusterDescription{type=UNKNOWN, connectionMode=SINGLE, all=[ServerDescription{address=localhost:27017, type=UNKNOWN, state=CONNECTING}]}. Waiting for 30000 ms before timing out
Aug 08, 2015 3:02:38 PM com.mongodb.diagnostics.logging.JULLogger log
INFO: Opened connection [connectionId{localValue:7, serverValue:31}] to localhost:27017
Aug 08, 2015 3:02:38 PM com.mongodb.diagnostics.logging.JULLogger log
INFO: Monitor thread successfully connected to server with description ServerDescription{address=localhost:27017, type=STANDALONE, state=CONNECTED, ok=true, version=ServerVersion{versionList=[3, 0, 5]}, minWireVersion=0, maxWireVersion=3, electionId=null, maxDocumentSize=16777216, roundTripTimeNanos=494524}
Aug 08, 2015 3:02:38 PM com.mongodb.diagnostics.logging.JULLogger log
INFO: Opened connection [connectionId{localValue:8, serverValue:32}] to localhost:27017
]]></system-err>
  </testcase>
</testsuite>